
Showing logs for build [32mcb-kubecd-environment-pr-191-62-hdc5v-1[0m stage [32mfrom-build-pack[0m and container [32mstep-credential-initializer-gjskh[0m
{"level":"warn","ts":1585385649.5958176,"logger":"fallback-logger","caller":"logging/config.go:69","msg":"Fetch GitHub commit ID from kodata failed: \"ref: refs/heads/0.8.0-**-support-backwards-incompats\" is not a valid GitHub commit ID"}
{"level":"info","ts":1585385649.5977292,"logger":"fallback-logger","caller":"creds-init/main.go:40","msg":"Credentials initialized."}

Showing logs for build [32mcb-kubecd-environment-pr-191-62-hdc5v-1[0m stage [32mfrom-build-pack[0m and container [32mstep-working-dir-initializer-tbb2t[0m
{"level":"warn","ts":1585385650.5314775,"logger":"fallback-logger","caller":"logging/config.go:69","msg":"Fetch GitHub commit ID from kodata failed: open /var/run/ko/HEAD: no such file or directory"}
{"level":"info","ts":1585385650.536391,"logger":"fallback-logger","caller":"bash/main.go:64","msg":"Successfully executed command \"sh -c mkdir -p /workspace/source\"; output "}

Showing logs for build [32mcb-kubecd-environment-pr-191-62-hdc5v-1[0m stage [32mfrom-build-pack[0m and container [32mstep-place-tools[0m

Showing logs for build [32mcb-kubecd-environment-pr-191-62-hdc5v-1[0m stage [32mfrom-build-pack[0m and container [32mstep-git-source-cb-kubecd-environment-pr-191-62-hdc5v-dvtnw[0m
{"level":"warn","ts":1585385654.6283915,"logger":"fallback-logger","caller":"logging/config.go:69","msg":"Fetch GitHub commit ID from kodata failed: \"ref: refs/heads/0.8.0-**-support-backwards-incompats\" is not a valid GitHub commit ID"}
{"level":"info","ts":1585385655.7262676,"logger":"fallback-logger","caller":"git/git.go:103","msg":"Successfully cloned https://github.com/cb-kubecd/environment-pr-191-62-boot-vault-gke-production.git @ master in path /workspace/source"}

Showing logs for build [32mcb-kubecd-environment-pr-191-62-hdc5v-1[0m stage [32mfrom-build-pack[0m and container [32mstep-git-merge[0m
Using SHAs from PULL_REFS=master:cd08f39fabb8e1418c3f05ba8f044003b950c5b0,1:cd3ee3c19442a112539733a3298380e218ef9896
DEBUG: LC_ALL=C JX_LOG_LEVEL=error git fetch origin --unshallow cd3ee3c19442a112539733a3298380e218ef9896: cd08f39fabb8e1418c3f05ba8f044003b950c5b0:
DEBUG: ran git fetch --unshallow origin cd3ee3c19442a112539733a3298380e218ef9896: cd08f39fabb8e1418c3f05ba8f044003b950c5b0: in 
DEBUG: LC_ALL=C JX_LOG_LEVEL=error git branch
DEBUG: LC_ALL=C JX_LOG_LEVEL=error git checkout master
DEBUG: ran git checkout master in 
DEBUG: LC_ALL=C JX_LOG_LEVEL=error git reset --hard cd08f39fabb8e1418c3f05ba8f044003b950c5b0
DEBUG: ran git reset --hard cd08f39fabb8e1418c3f05ba8f044003b950c5b0 in 
DEBUG: JX_LOG_LEVEL=error LC_ALL=C git clean -fd .
DEBUG: ran clean --force -d . in 
DEBUG: LC_ALL=C JX_LOG_LEVEL=error git merge cd3ee3c19442a112539733a3298380e218ef9896
DEBUG: ran git merge cd3ee3c19442a112539733a3298380e218ef9896 in 
DEBUG: LC_ALL=C JX_LOG_LEVEL=error git log --format=%H%x1f%an%x1f%ae%x1f%cn%x1f%ce%x1f%s%n%b%x1e cd08f39fabb8e1418c3f05ba8f044003b950c5b0..HEAD
Merged SHA cd3ee3c19442a112539733a3298380e218ef9896 with commit message 'chore: Promote bdd-spring-1585384104 to version 0.0.1' into base branch master

Showing logs for build [32mcb-kubecd-environment-pr-191-62-hdc5v-1[0m stage [32mfrom-build-pack[0m and container [32mstep-build-helm-build[0m
WARNING: No $CHART_REPOSITORY defined so using the default value of: http://jenkins-x-chartmuseum:8080
Adding missing Helm repo: storage.googleapis.com https://storage.googleapis.com/chartmuseum.jenkins-x.io
WARNING: No secrets found on "helm/repos" due: reading the secret "helm/repos" from vault: no secret "helm/repos" not found in vault
Read credentials for https://storage.googleapis.com/chartmuseum.jenkins-x.io from vault helm/repos
Successfully added Helm repository storage.googleapis.com.
Adding missing Helm repo: jenkins-x-chartmuseum http://jenkins-x-chartmuseum:8080
WARNING: No secrets found on "helm/repos" due: reading the secret "helm/repos" from vault: no secret "helm/repos" not found in vault
Read credentials for http://jenkins-x-chartmuseum:8080 from vault helm/repos
Successfully added Helm repository jenkins-x-chartmuseum.
WARNING: No $CHART_REPOSITORY defined so using the default value of: http://jenkins-x-chartmuseum:8080
Adding missing Helm repo: chartmuseum.jenkins-x.io http://chartmuseum.jenkins-x.io
WARNING: No secrets found on "helm/repos" due: reading the secret "helm/repos" from vault: no secret "helm/repos" not found in vault
Read credentials for http://chartmuseum.jenkins-x.io from vault helm/repos
Successfully added Helm repository chartmuseum.jenkins-x.io.
